# JRE version: Java(TM) SE Runtime Environment (8.0_171-b11) (build 1.8.0_171-b11)
# Java VM: Java HotSpot(TM) 64-Bit Server VM (25.171-b11 mixed mode windows-amd64 compressed oops)
Heap:
 PSYoungGen      total 34304K, used 16992K [0x00000000d5600000, 0x00000000d7880000, 0x0000000100000000)
  eden space 33792K, 49% used [0x00000000d5600000,0x00000000d66703a0,0x00000000d7700000)
  from space 512K, 31% used [0x00000000d7800000,0x00000000d7828000,0x00000000d7880000)
  to   space 512K, 0% used [0x00000000d7780000,0x00000000d7780000,0x00000000d7800000)
 ParOldGen       total 99840K, used 22041K [0x0000000080200000, 0x0000000086380000, 0x00000000d5600000)
  object space 99840K, 22% used [0x0000000080200000,0x00000000817867c8,0x0000000086380000)
 Metaspace       used 40008K, capacity 42176K, committed 42368K, reserved 1085440K
  class space    used 5250K, capacity 5677K, committed 5760K, reserved 1048576K
GC Heap History (10 events):
Event: 15543.516 GC heap before
{Heap before GC invocations=320 (full 2):
 PSYoungGen      total 34304K, used 33856K [0x00000000d5600000, 0x00000000d7880000, 0x0000000100000000)
  eden space 33792K, 100% used [0x00000000d5600000,0x00000000d7700000,0x00000000d7700000)
  from space 512K, 12% used [0x00000000d7780000,0x00000000d7790000,0x00000000d7800000)
  to   space 512K, 0% used [0x00000000d7800000,0x00000000d7800000,0x00000000d7880000)
 ParOldGen       total 99840K, used 22033K [0x0000000080200000, 0x0000000086380000, 0x00000000d5600000)
  object space 99840K, 22% used [0x0000000080200000,0x00000000817847c8,0x0000000086380000)
 Metaspace       used 40001K, capacity 42176K, committed 42368K, reserved 1085440K
  class space    used 5250K, capacity 5677K, committed 5760K, reserved 1048576K
Event: 15543.519 GC heap after
Heap after GC invocations=320 (full 2):
 PSYoungGen      total 34304K, used 160K [0x00000000d5600000, 0x00000000d7880000, 0x0000000100000000)
  eden space 33792K, 0% used [0x00000000d5600000,0x00000000d5600000,0x00000000d7700000)
  from space 512K, 31% used [0x00000000d7800000,0x00000000d7828000,0x00000000d7880000)
  to   space 512K, 0% used [0x00000000d7780000,0x00000000d7780000,0x00000000d7800000)
 ParOldGen       total 99840K, used 22041K [0x0000000080200000, 0x0000000086380000, 0x00000000d5600000)
  object space 99840K, 22% used [0x0000000080200000,0x00000000817867c8,0x0000000086380000)
 Metaspace       used 40001K, capacity 42176K, committed 42368K, reserved 1085440K
  class space    used 5250K, capacity 5677K, committed 5760K, reserved 1048576K
}
Event: 15602.225 GC heap before
{Heap before GC invocations=321 (full 2):
 PSYoungGen      total 34304K, used 33952K [0x00000000d5600000, 0x00000000d7880000, 0x0000000100000000)
  eden space 33792K, 100% used [0x00000000d5600000,0x00000000d7700000,0x00000000d7700000)
  from space 512K, 31% used [0x00000000d7800000,0x00000000d7828000,0x00000000d7880000)
  to   space 512K, 0% used [0x00000000d7780000,0x00000000d7780000,0x00000000d7800000)
 ParOldGen       total 99840K, used 22041K [0x0000000080200000, 0x0000000086380000, 0x00000000d5600000)
  object space 99840K, 22% used [0x0000000080200000,0x00000000817867c8,0x0000000086380000)
 Metaspace       used 40003K, capacity 42176K, committed 42368K, reserved 1085440K
  class space    used 5250K, capacity 5677K, committed 5760K, reserved 1048576K
Event: 15602.228 GC heap after
Heap after GC invocations=321 (full 2):
 PSYoungGen      total 34304K, used 128K [0x00000000d5600000, 0x00000000d7880000, 0x0000000100000000)
  eden space 33792K, 0% used [0x00000000d5600000,0x00000000d5600000,0x00000000d7700000)
  from space 512K, 25% used [0x00000000d7780000,0x00000000d77a0000,0x00000000d7800000)
  to   space 512K, 0% used [0x00000000d7800000,0x00000000d7800000,0x00000000d7880000)
 ParOldGen       total 99840K, used 22041K [0x0000000080200000, 0x0000000086380000, 0x00000000d5600000)
  object space 99840K, 22% used [0x0000000080200000,0x00000000817867c8,0x0000000086380000)
 Metaspace       used 40003K, capacity 42176K, committed 42368K, reserved 1085440K
  class space    used 5250K, capacity 5677K, committed 5760K, reserved 1048576K
}
Event: 15625.328 GC heap before
{Heap before GC invocations=322 (full 2):
 PSYoungGen      total 34304K, used 33920K [0x00000000d5600000, 0x00000000d7880000, 0x0000000100000000)
  eden space 33792K, 100% used [0x00000000d5600000,0x00000000d7700000,0x00000000d7700000)
  from space 512K, 25% used [0x00000000d7780000,0x00000000d77a0000,0x00000000d7800000)
  to   space 512K, 0% used [0x00000000d7800000,0x00000000d7800000,0x00000000d7880000)
 ParOldGen       total 99840K, used 22041K [0x0000000080200000, 0x0000000086380000, 0x00000000d5600000)
  object space 99840K, 22% used [0x0000000080200000,0x00000000817867c8,0x0000000086380000)
 Metaspace       used 40003K, capacity 42176K, committed 42368K, reserved 1085440K
  class space    used 5250K, capacity 5677K, committed 5760K, reserved 1048576K
Event: 15625.330 GC heap after
Heap after GC invocations=322 (full 2):
 PSYoungGen      total 34304K, used 128K [0x00000000d5600000, 0x00000000d7880000, 0x0000000100000000)
  eden space 33792K, 0% used [0x00000000d5600000,0x00000000d5600000,0x00000000d7700000)
  from space 512K, 25% used [0x00000000d7800000,0x00000000d7820000,0x00000000d7880000)
  to   space 512K, 0% used [0x00000000d7780000,0x00000000d7780000,0x00000000d7800000)
 ParOldGen       total 99840K, used 22041K [0x0000000080200000, 0x0000000086380000, 0x00000000d5600000)
  object space 99840K, 22% used [0x0000000080200000,0x00000000817867c8,0x0000000086380000)
 Metaspace       used 40003K, capacity 42176K, committed 42368K, reserved 1085440K
  class space    used 5250K, capacity 5677K, committed 5760K, reserved 1048576K
}
Event: 15641.470 GC heap before
{Heap before GC invocations=323 (full 2):
 PSYoungGen      total 34304K, used 33920K [0x00000000d5600000, 0x00000000d7880000, 0x0000000100000000)
  eden space 33792K, 100% used [0x00000000d5600000,0x00000000d7700000,0x00000000d7700000)
  from space 512K, 25% used [0x00000000d7800000,0x00000000d7820000,0x00000000d7880000)
  to   space 512K, 0% used [0x00000000d7780000,0x00000000d7780000,0x00000000d7800000)
 ParOldGen       total 99840K, used 22041K [0x0000000080200000, 0x0000000086380000, 0x00000000d5600000)
  object space 99840K, 22% used [0x0000000080200000,0x00000000817867c8,0x0000000086380000)
 Metaspace       used 40003K, capacity 42176K, committed 42368K, reserved 1085440K
  class space    used 5250K, capacity 5677K, committed 5760K, reserved 1048576K
Event: 15641.472 GC heap after
Heap after GC invocations=323 (full 2):
 PSYoungGen      total 34304K, used 128K [0x00000000d5600000, 0x00000000d7880000, 0x0000000100000000)
  eden space 33792K, 0% used [0x00000000d5600000,0x00000000d5600000,0x00000000d7700000)
  from space 512K, 25% used [0x00000000d7780000,0x00000000d77a0000,0x00000000d7800000)
  to   space 512K, 0% used [0x00000000d7800000,0x00000000d7800000,0x00000000d7880000)
 ParOldGen       total 99840K, used 22041K [0x0000000080200000, 0x0000000086380000, 0x00000000d5600000)
  object space 99840K, 22% used [0x0000000080200000,0x00000000817867c8,0x0000000086380000)
 Metaspace       used 40003K, capacity 42176K, committed 42368K, reserved 1085440K
  class space    used 5250K, capacity 5677K, committed 5760K, reserved 1048576K
}
Event: 15661.088 GC heap before
{Heap before GC invocations=324 (full 2):
 PSYoungGen      total 34304K, used 33920K [0x00000000d5600000, 0x00000000d7880000, 0x0000000100000000)
  eden space 33792K, 100% used [0x00000000d5600000,0x00000000d7700000,0x00000000d7700000)
  from space 512K, 25% used [0x00000000d7780000,0x00000000d77a0000,0x00000000d7800000)
  to   space 512K, 0% used [0x00000000d7800000,0x00000000d7800000,0x00000000d7880000)
 ParOldGen       total 99840K, used 22041K [0x0000000080200000, 0x0000000086380000, 0x00000000d5600000)
  object space 99840K, 22% used [0x0000000080200000,0x00000000817867c8,0x0000000086380000)
 Metaspace       used 40003K, capacity 42176K, committed 42368K, reserved 1085440K
  class space    used 5250K, capacity 5677K, committed 5760K, reserved 1048576K
Event: 15661.090 GC heap after
Heap after GC invocations=324 (full 2):
 PSYoungGen      total 34304K, used 160K [0x00000000d5600000, 0x00000000d7880000, 0x0000000100000000)
  eden space 33792K, 0% used [0x00000000d5600000,0x00000000d5600000,0x00000000d7700000)
  from space 512K, 31% used [0x00000000d7800000,0x00000000d7828000,0x00000000d7880000)
  to   space 512K, 0% used [0x00000000d7780000,0x00000000d7780000,0x00000000d7800000)
 ParOldGen       total 99840K, used 22041K [0x0000000080200000, 0x0000000086380000, 0x00000000d5600000)
  object space 99840K, 22% used [0x0000000080200000,0x00000000817867c8,0x0000000086380000)
 Metaspace       used 40003K, capacity 42176K, committed 42368K, reserved 1085440K
  class space    used 5250K, capacity 5677K, committed 5760K, reserved 1048576K
}

