# JRE version: Java(TM) SE Runtime Environment (8.0_171-b11) (build 1.8.0_171-b11)
# Java VM: Java HotSpot(TM) 64-Bit Server VM (25.171-b11 mixed mode windows-amd64 compressed oops)
Heap:
 PSYoungGen      total 53760K, used 1887K [0x00000000d5600000, 0x00000000da700000, 0x0000000100000000)
  eden space 42496K, 4% used [0x00000000d5600000,0x00000000d57d7f40,0x00000000d7f80000)
  from space 11264K, 0% used [0x00000000d7f80000,0x00000000d7f80000,0x00000000d8a80000)
  to   space 10752K, 0% used [0x00000000d9c80000,0x00000000d9c80000,0x00000000da700000)
 ParOldGen       total 105984K, used 17738K [0x0000000080200000, 0x0000000086980000, 0x00000000d5600000)
  object space 105984K, 16% used [0x0000000080200000,0x0000000081352a18,0x0000000086980000)
 Metaspace       used 33429K, capacity 35430K, committed 35752K, reserved 1079296K
  class space    used 4646K, capacity 5028K, committed 5120K, reserved 1048576K
GC Heap History (10 events):
Event: 19.108 GC heap before
{Heap before GC invocations=5 (full 1):
 PSYoungGen      total 38400K, used 33280K [0x00000000d5600000, 0x00000000d8080000, 0x0000000100000000)
  eden space 33280K, 100% used [0x00000000d5600000,0x00000000d7680000,0x00000000d7680000)
  from space 5120K, 0% used [0x00000000d7680000,0x00000000d7680000,0x00000000d7b80000)
  to   space 5120K, 0% used [0x00000000d7b80000,0x00000000d7b80000,0x00000000d8080000)
 ParOldGen       total 74240K, used 11934K [0x0000000080200000, 0x0000000084a80000, 0x00000000d5600000)
  object space 74240K, 16% used [0x0000000080200000,0x0000000080da7be0,0x0000000084a80000)
 Metaspace       used 23695K, capacity 25204K, committed 25472K, reserved 1071104K
  class space    used 3295K, capacity 3597K, committed 3712K, reserved 1048576K
Event: 19.114 GC heap after
Heap after GC invocations=5 (full 1):
 PSYoungGen      total 38400K, used 3137K [0x00000000d5600000, 0x00000000d8900000, 0x0000000100000000)
  eden space 33280K, 0% used [0x00000000d5600000,0x00000000d5600000,0x00000000d7680000)
  from space 5120K, 61% used [0x00000000d7b80000,0x00000000d7e905b8,0x00000000d8080000)
  to   space 5120K, 0% used [0x00000000d7680000,0x00000000d7680000,0x00000000d7b80000)
 ParOldGen       total 74240K, used 11942K [0x0000000080200000, 0x0000000084a80000, 0x00000000d5600000)
  object space 74240K, 16% used [0x0000000080200000,0x0000000080da9be0,0x0000000084a80000)
 Metaspace       used 23695K, capacity 25204K, committed 25472K, reserved 1071104K
  class space    used 3295K, capacity 3597K, committed 3712K, reserved 1048576K
}
Event: 19.847 GC heap before
{Heap before GC invocations=6 (full 1):
 PSYoungGen      total 38400K, used 36417K [0x00000000d5600000, 0x00000000d8900000, 0x0000000100000000)
  eden space 33280K, 100% used [0x00000000d5600000,0x00000000d7680000,0x00000000d7680000)
  from space 5120K, 61% used [0x00000000d7b80000,0x00000000d7e905b8,0x00000000d8080000)
  to   space 5120K, 0% used [0x00000000d7680000,0x00000000d7680000,0x00000000d7b80000)
 ParOldGen       total 74240K, used 11942K [0x0000000080200000, 0x0000000084a80000, 0x00000000d5600000)
  object space 74240K, 16% used [0x0000000080200000,0x0000000080da9be0,0x0000000084a80000)
 Metaspace       used 27187K, capacity 28712K, committed 29056K, reserved 1075200K
  class space    used 3803K, capacity 4117K, committed 4224K, reserved 1048576K
Event: 19.854 GC heap after
Heap after GC invocations=6 (full 1):
 PSYoungGen      total 38400K, used 5098K [0x00000000d5600000, 0x00000000d9580000, 0x0000000100000000)
  eden space 33280K, 0% used [0x00000000d5600000,0x00000000d5600000,0x00000000d7680000)
  from space 5120K, 99% used [0x00000000d7680000,0x00000000d7b7ab38,0x00000000d7b80000)
  to   space 10752K, 0% used [0x00000000d8b00000,0x00000000d8b00000,0x00000000d9580000)
 ParOldGen       total 74240K, used 12343K [0x0000000080200000, 0x0000000084a80000, 0x00000000d5600000)
  object space 74240K, 16% used [0x0000000080200000,0x0000000080e0df68,0x0000000084a80000)
 Metaspace       used 27187K, capacity 28712K, committed 29056K, reserved 1075200K
  class space    used 3803K, capacity 4117K, committed 4224K, reserved 1048576K
}
Event: 22.578 GC heap before
{Heap before GC invocations=7 (full 1):
 PSYoungGen      total 38400K, used 38378K [0x00000000d5600000, 0x00000000d9580000, 0x0000000100000000)
  eden space 33280K, 100% used [0x00000000d5600000,0x00000000d7680000,0x00000000d7680000)
  from space 5120K, 99% used [0x00000000d7680000,0x00000000d7b7ab38,0x00000000d7b80000)
  to   space 10752K, 0% used [0x00000000d8b00000,0x00000000d8b00000,0x00000000d9580000)
 ParOldGen       total 74240K, used 12343K [0x0000000080200000, 0x0000000084a80000, 0x00000000d5600000)
  object space 74240K, 16% used [0x0000000080200000,0x0000000080e0df68,0x0000000084a80000)
 Metaspace       used 32767K, capacity 34728K, committed 34944K, reserved 1079296K
  class space    used 4576K, capacity 4989K, committed 4992K, reserved 1048576K
Event: 22.587 GC heap after
Heap after GC invocations=7 (full 1):
 PSYoungGen      total 53248K, used 8047K [0x00000000d5600000, 0x00000000d9580000, 0x0000000100000000)
  eden space 42496K, 0% used [0x00000000d5600000,0x00000000d5600000,0x00000000d7f80000)
  from space 10752K, 74% used [0x00000000d8b00000,0x00000000d92dbf00,0x00000000d9580000)
  to   space 11264K, 0% used [0x00000000d7f80000,0x00000000d7f80000,0x00000000d8a80000)
 ParOldGen       total 74240K, used 12351K [0x0000000080200000, 0x0000000084a80000, 0x00000000d5600000)
  object space 74240K, 16% used [0x0000000080200000,0x0000000080e0ff68,0x0000000084a80000)
 Metaspace       used 32767K, capacity 34728K, committed 34944K, reserved 1079296K
  class space    used 4576K, capacity 4989K, committed 4992K, reserved 1048576K
}
Event: 22.844 GC heap before
{Heap before GC invocations=8 (full 1):
 PSYoungGen      total 53248K, used 12733K [0x00000000d5600000, 0x00000000d9580000, 0x0000000100000000)
  eden space 42496K, 11% used [0x00000000d5600000,0x00000000d5a93810,0x00000000d7f80000)
  from space 10752K, 74% used [0x00000000d8b00000,0x00000000d92dbf00,0x00000000d9580000)
  to   space 11264K, 0% used [0x00000000d7f80000,0x00000000d7f80000,0x00000000d8a80000)
 ParOldGen       total 74240K, used 12351K [0x0000000080200000, 0x0000000084a80000, 0x00000000d5600000)
  object space 74240K, 16% used [0x0000000080200000,0x0000000080e0ff68,0x0000000084a80000)
 Metaspace       used 33386K, capacity 35366K, committed 35496K, reserved 1079296K
  class space    used 4642K, capacity 5028K, committed 5120K, reserved 1048576K
Event: 22.851 GC heap after
Heap after GC invocations=8 (full 1):
 PSYoungGen      total 53760K, used 6213K [0x00000000d5600000, 0x00000000da700000, 0x0000000100000000)
  eden space 42496K, 0% used [0x00000000d5600000,0x00000000d5600000,0x00000000d7f80000)
  from space 11264K, 55% used [0x00000000d7f80000,0x00000000d8591658,0x00000000d8a80000)
  to   space 10752K, 0% used [0x00000000d9c80000,0x00000000d9c80000,0x00000000da700000)
 ParOldGen       total 74240K, used 12359K [0x0000000080200000, 0x0000000084a80000, 0x00000000d5600000)
  object space 74240K, 16% used [0x0000000080200000,0x0000000080e11f68,0x0000000084a80000)
 Metaspace       used 33386K, capacity 35366K, committed 35496K, reserved 1079296K
  class space    used 4642K, capacity 5028K, committed 5120K, reserved 1048576K
}
Event: 22.851 GC heap before
{Heap before GC invocations=9 (full 2):
 PSYoungGen      total 53760K, used 6213K [0x00000000d5600000, 0x00000000da700000, 0x0000000100000000)
  eden space 42496K, 0% used [0x00000000d5600000,0x00000000d5600000,0x00000000d7f80000)
  from space 11264K, 55% used [0x00000000d7f80000,0x00000000d8591658,0x00000000d8a80000)
  to   space 10752K, 0% used [0x00000000d9c80000,0x00000000d9c80000,0x00000000da700000)
 ParOldGen       total 74240K, used 12359K [0x0000000080200000, 0x0000000084a80000, 0x00000000d5600000)
  object space 74240K, 16% used [0x0000000080200000,0x0000000080e11f68,0x0000000084a80000)
 Metaspace       used 33386K, capacity 35366K, committed 35496K, reserved 1079296K
  class space    used 4642K, capacity 5028K, committed 5120K, reserved 1048576K
Event: 22.956 GC heap after
Heap after GC invocations=9 (full 2):
 PSYoungGen      total 53760K, used 0K [0x00000000d5600000, 0x00000000da700000, 0x0000000100000000)
  eden space 42496K, 0% used [0x00000000d5600000,0x00000000d5600000,0x00000000d7f80000)
  from space 11264K, 0% used [0x00000000d7f80000,0x00000000d7f80000,0x00000000d8a80000)
  to   space 10752K, 0% used [0x00000000d9c80000,0x00000000d9c80000,0x00000000da700000)
 ParOldGen       total 105984K, used 17738K [0x0000000080200000, 0x0000000086980000, 0x00000000d5600000)
  object space 105984K, 16% used [0x0000000080200000,0x0000000081352a18,0x0000000086980000)
 Metaspace       used 33386K, capacity 35366K, committed 35496K, reserved 1079296K
  class space    used 4642K, capacity 5028K, committed 5120K, reserved 1048576K
}

