# JRE version: Java(TM) SE Runtime Environment (8.0_261-b12) (build 1.8.0_261-b12)
# Java VM: Java HotSpot(TM) 64-Bit Server VM (25.261-b12 mixed mode bsd-amd64 compressed oops)
Heap:
 PSYoungGen      total 155136K, used 134428K [0x000000076ab00000, 0x000000077a680000, 0x00000007c0000000)
  eden space 139776K, 92% used [0x000000076ab00000,0x00000007729c9c20,0x0000000773380000)
  from space 15360K, 29% used [0x0000000773380000,0x00000007737fd6c8,0x0000000774280000)
  to   space 15360K, 0% used [0x0000000779780000,0x0000000779780000,0x000000077a680000)
 ParOldGen       total 157184K, used 34881K [0x00000006c0000000, 0x00000006c9980000, 0x000000076ab00000)
  object space 157184K, 22% used [0x00000006c0000000,0x00000006c22104e0,0x00000006c9980000)
 Metaspace       used 47061K, capacity 49560K, committed 49664K, reserved 1091584K
  class space    used 6390K, capacity 6893K, committed 6912K, reserved 1048576K
GC Heap History (10 events):
Event: 10.219 GC heap before
{Heap before GC invocations=5 (full 1):
 PSYoungGen      total 76288K, used 73851K [0x000000076ab00000, 0x0000000771300000, 0x00000007c0000000)
  eden space 65536K, 100% used [0x000000076ab00000,0x000000076eb00000,0x000000076eb00000)
  from space 10752K, 77% used [0x000000076eb00000,0x000000076f31efd0,0x000000076f580000)
  to   space 10752K, 0% used [0x0000000770880000,0x0000000770880000,0x0000000771300000)
 ParOldGen       total 116224K, used 8824K [0x00000006c0000000, 0x00000006c7180000, 0x000000076ab00000)
  object space 116224K, 7% used [0x00000006c0000000,0x00000006c089e330,0x00000006c7180000)
 Metaspace       used 32535K, capacity 34222K, committed 34432K, reserved 1079296K
  class space    used 4544K, capacity 4898K, committed 4992K, reserved 1048576K
Event: 10.228 GC heap after
Heap after GC invocations=5 (full 1):
 PSYoungGen      total 95744K, used 10727K [0x000000076ab00000, 0x0000000771580000, 0x00000007c0000000)
  eden space 84992K, 0% used [0x000000076ab00000,0x000000076ab00000,0x000000076fe00000)
  from space 10752K, 99% used [0x0000000770880000,0x00000007712f9cc0,0x0000000771300000)
  to   space 10752K, 0% used [0x000000076fe00000,0x000000076fe00000,0x0000000770880000)
 ParOldGen       total 116224K, used 13406K [0x00000006c0000000, 0x00000006c7180000, 0x000000076ab00000)
  object space 116224K, 11% used [0x00000006c0000000,0x00000006c0d178d8,0x00000006c7180000)
 Metaspace       used 32535K, capacity 34222K, committed 34432K, reserved 1079296K
  class space    used 4544K, capacity 4898K, committed 4992K, reserved 1048576K
}
Event: 10.358 GC heap before
{Heap before GC invocations=6 (full 1):
 PSYoungGen      total 95744K, used 18192K [0x000000076ab00000, 0x0000000771580000, 0x00000007c0000000)
  eden space 84992K, 8% used [0x000000076ab00000,0x000000076b24a558,0x000000076fe00000)
  from space 10752K, 99% used [0x0000000770880000,0x00000007712f9cc0,0x0000000771300000)
  to   space 10752K, 0% used [0x000000076fe00000,0x000000076fe00000,0x0000000770880000)
 ParOldGen       total 116224K, used 13406K [0x00000006c0000000, 0x00000006c7180000, 0x000000076ab00000)
  object space 116224K, 11% used [0x00000006c0000000,0x00000006c0d178d8,0x00000006c7180000)
 Metaspace       used 33757K, capacity 35418K, committed 35496K, reserved 1079296K
  class space    used 4711K, capacity 5060K, committed 5120K, reserved 1048576K
Event: 10.372 GC heap after
Heap after GC invocations=6 (full 1):
 PSYoungGen      total 95744K, used 10733K [0x000000076ab00000, 0x0000000775180000, 0x00000007c0000000)
  eden space 84992K, 0% used [0x000000076ab00000,0x000000076ab00000,0x000000076fe00000)
  from space 10752K, 99% used [0x000000076fe00000,0x000000077087b648,0x0000000770880000)
  to   space 15360K, 0% used [0x0000000774280000,0x0000000774280000,0x0000000775180000)
 ParOldGen       total 116224K, used 13937K [0x00000006c0000000, 0x00000006c7180000, 0x000000076ab00000)
  object space 116224K, 11% used [0x00000006c0000000,0x00000006c0d9c7f0,0x00000006c7180000)
 Metaspace       used 33757K, capacity 35418K, committed 35496K, reserved 1079296K
  class space    used 4711K, capacity 5060K, committed 5120K, reserved 1048576K
}
Event: 10.372 GC heap before
{Heap before GC invocations=7 (full 2):
 PSYoungGen      total 95744K, used 10733K [0x000000076ab00000, 0x0000000775180000, 0x00000007c0000000)
  eden space 84992K, 0% used [0x000000076ab00000,0x000000076ab00000,0x000000076fe00000)
  from space 10752K, 99% used [0x000000076fe00000,0x000000077087b648,0x0000000770880000)
  to   space 15360K, 0% used [0x0000000774280000,0x0000000774280000,0x0000000775180000)
 ParOldGen       total 116224K, used 13937K [0x00000006c0000000, 0x00000006c7180000, 0x000000076ab00000)
  object space 116224K, 11% used [0x00000006c0000000,0x00000006c0d9c7f0,0x00000006c7180000)
 Metaspace       used 33757K, capacity 35418K, committed 35496K, reserved 1079296K
  class space    used 4711K, capacity 5060K, committed 5120K, reserved 1048576K
Event: 10.408 GC heap after
Heap after GC invocations=7 (full 2):
 PSYoungGen      total 95744K, used 0K [0x000000076ab00000, 0x0000000775180000, 0x00000007c0000000)
  eden space 84992K, 0% used [0x000000076ab00000,0x000000076ab00000,0x000000076fe00000)
  from space 10752K, 0% used [0x000000076fe00000,0x000000076fe00000,0x0000000770880000)
  to   space 15360K, 0% used [0x0000000774280000,0x0000000774280000,0x0000000775180000)
 ParOldGen       total 157184K, used 18473K [0x00000006c0000000, 0x00000006c9980000, 0x000000076ab00000)
  object space 157184K, 11% used [0x00000006c0000000,0x00000006c120a4d0,0x00000006c9980000)
 Metaspace       used 33757K, capacity 35418K, committed 35496K, reserved 1079296K
  class space    used 4711K, capacity 5060K, committed 5120K, reserved 1048576K
}
Event: 15.404 GC heap before
{Heap before GC invocations=8 (full 2):
 PSYoungGen      total 95744K, used 84992K [0x000000076ab00000, 0x0000000775180000, 0x00000007c0000000)
  eden space 84992K, 100% used [0x000000076ab00000,0x000000076fe00000,0x000000076fe00000)
  from space 10752K, 0% used [0x000000076fe00000,0x000000076fe00000,0x0000000770880000)
  to   space 15360K, 0% used [0x0000000774280000,0x0000000774280000,0x0000000775180000)
 ParOldGen       total 157184K, used 18473K [0x00000006c0000000, 0x00000006c9980000, 0x000000076ab00000)
  object space 157184K, 11% used [0x00000006c0000000,0x00000006c120a4d0,0x00000006c9980000)
 Metaspace       used 41052K, capacity 43420K, committed 43648K, reserved 1087488K
  class space    used 5772K, capacity 6233K, committed 6272K, reserved 1048576K
Event: 15.421 GC heap after
Heap after GC invocations=8 (full 2):
 PSYoungGen      total 155136K, used 7709K [0x000000076ab00000, 0x0000000775500000, 0x00000007c0000000)
  eden space 139776K, 0% used [0x000000076ab00000,0x000000076ab00000,0x0000000773380000)
  from space 15360K, 50% used [0x0000000774280000,0x0000000774a074b8,0x0000000775180000)
  to   space 15360K, 0% used [0x0000000773380000,0x0000000773380000,0x0000000774280000)
 ParOldGen       total 157184K, used 34865K [0x00000006c0000000, 0x00000006c9980000, 0x000000076ab00000)
  object space 157184K, 22% used [0x00000006c0000000,0x00000006c220c4e0,0x00000006c9980000)
 Metaspace       used 41052K, capacity 43420K, committed 43648K, reserved 1087488K
  class space    used 5772K, capacity 6233K, committed 6272K, reserved 1048576K
}
Event: 102.437 GC heap before
{Heap before GC invocations=9 (full 2):
 PSYoungGen      total 155136K, used 147485K [0x000000076ab00000, 0x0000000775500000, 0x00000007c0000000)
  eden space 139776K, 100% used [0x000000076ab00000,0x0000000773380000,0x0000000773380000)
  from space 15360K, 50% used [0x0000000774280000,0x0000000774a074b8,0x0000000775180000)
  to   space 15360K, 0% used [0x0000000773380000,0x0000000773380000,0x0000000774280000)
 ParOldGen       total 157184K, used 34865K [0x00000006c0000000, 0x00000006c9980000, 0x000000076ab00000)
  object space 157184K, 22% used [0x00000006c0000000,0x00000006c220c4e0,0x00000006c9980000)
 Metaspace       used 42197K, capacity 44712K, committed 44800K, reserved 1087488K
  class space    used 5818K, capacity 6333K, committed 6400K, reserved 1048576K
Event: 102.443 GC heap after
Heap after GC invocations=9 (full 2):
 PSYoungGen      total 155136K, used 4597K [0x000000076ab00000, 0x000000077a680000, 0x00000007c0000000)
  eden space 139776K, 0% used [0x000000076ab00000,0x000000076ab00000,0x0000000773380000)
  from space 15360K, 29% used [0x0000000773380000,0x00000007737fd6c8,0x0000000774280000)
  to   space 15360K, 0% used [0x0000000779780000,0x0000000779780000,0x000000077a680000)
 ParOldGen       total 157184K, used 34881K [0x00000006c0000000, 0x00000006c9980000, 0x000000076ab00000)
  object space 157184K, 22% used [0x00000006c0000000,0x00000006c22104e0,0x00000006c9980000)
 Metaspace       used 42197K, capacity 44712K, committed 44800K, reserved 1087488K
  class space    used 5818K, capacity 6333K, committed 6400K, reserved 1048576K
}

