# JRE version: Java(TM) SE Runtime Environment (8.0_261-b12) (build 1.8.0_261-b12)
# Java VM: Java HotSpot(TM) 64-Bit Server VM (25.261-b12 mixed mode bsd-amd64 compressed oops)
Heap:
 PSYoungGen      total 128512K, used 63317K [0x000000076ab00000, 0x0000000774380000, 0x00000007c0000000)
  eden space 126464K, 48% used [0x000000076ab00000,0x000000076e6e9b98,0x0000000772680000)
  from space 2048K, 96% used [0x0000000772900000,0x0000000772aeba48,0x0000000772b00000)
  to   space 14848K, 0% used [0x0000000773500000,0x0000000773500000,0x0000000774380000)
 ParOldGen       total 167424K, used 20720K [0x00000006c0000000, 0x00000006ca380000, 0x000000076ab00000)
  object space 167424K, 12% used [0x00000006c0000000,0x00000006c143c080,0x00000006ca380000)
 Metaspace       used 36099K, capacity 38278K, committed 38400K, reserved 1083392K
  class space    used 4942K, capacity 5366K, committed 5376K, reserved 1048576K
GC Heap History (10 events):
Event: 25.366 GC heap before
{Heap before GC invocations=5 (full 1):
 PSYoungGen      total 76288K, used 54926K [0x000000076ab00000, 0x0000000771d80000, 0x00000007c0000000)
  eden space 65536K, 70% used [0x000000076ab00000,0x000000076d809dd8,0x000000076eb00000)
  from space 10752K, 81% used [0x000000076eb00000,0x000000076f399a68,0x000000076f580000)
  to   space 10752K, 0% used [0x0000000771300000,0x0000000771300000,0x0000000771d80000)
 ParOldGen       total 104448K, used 8651K [0x00000006c0000000, 0x00000006c6600000, 0x000000076ab00000)
  object space 104448K, 8% used [0x00000006c0000000,0x00000006c0872df0,0x00000006c6600000)
 Metaspace       used 33413K, capacity 35448K, committed 35496K, reserved 1079296K
  class space    used 4679K, capacity 5097K, committed 5120K, reserved 1048576K
Event: 25.376 GC heap after
Heap after GC invocations=5 (full 1):
 PSYoungGen      total 102912K, used 10722K [0x000000076ab00000, 0x0000000771d80000, 0x00000007c0000000)
  eden space 92160K, 0% used [0x000000076ab00000,0x000000076ab00000,0x0000000770500000)
  from space 10752K, 99% used [0x0000000771300000,0x0000000771d78b90,0x0000000771d80000)
  to   space 10752K, 0% used [0x0000000770880000,0x0000000770880000,0x0000000771300000)
 ParOldGen       total 104448K, used 10561K [0x00000006c0000000, 0x00000006c6600000, 0x000000076ab00000)
  object space 104448K, 10% used [0x00000006c0000000,0x00000006c0a50458,0x00000006c6600000)
 Metaspace       used 33413K, capacity 35448K, committed 35496K, reserved 1079296K
  class space    used 4679K, capacity 5097K, committed 5120K, reserved 1048576K
}
Event: 25.376 GC heap before
{Heap before GC invocations=6 (full 2):
 PSYoungGen      total 102912K, used 10722K [0x000000076ab00000, 0x0000000771d80000, 0x00000007c0000000)
  eden space 92160K, 0% used [0x000000076ab00000,0x000000076ab00000,0x0000000770500000)
  from space 10752K, 99% used [0x0000000771300000,0x0000000771d78b90,0x0000000771d80000)
  to   space 10752K, 0% used [0x0000000770880000,0x0000000770880000,0x0000000771300000)
 ParOldGen       total 104448K, used 10561K [0x00000006c0000000, 0x00000006c6600000, 0x000000076ab00000)
  object space 104448K, 10% used [0x00000006c0000000,0x00000006c0a50458,0x00000006c6600000)
 Metaspace       used 33413K, capacity 35448K, committed 35496K, reserved 1079296K
  class space    used 4679K, capacity 5097K, committed 5120K, reserved 1048576K
Event: 25.471 GC heap after
Heap after GC invocations=6 (full 2):
 PSYoungGen      total 102912K, used 0K [0x000000076ab00000, 0x0000000771d80000, 0x00000007c0000000)
  eden space 92160K, 0% used [0x000000076ab00000,0x000000076ab00000,0x0000000770500000)
  from space 10752K, 0% used [0x0000000771300000,0x0000000771300000,0x0000000771d80000)
  to   space 10752K, 0% used [0x0000000770880000,0x0000000770880000,0x0000000771300000)
 ParOldGen       total 167424K, used 20696K [0x00000006c0000000, 0x00000006ca380000, 0x000000076ab00000)
  object space 167424K, 12% used [0x00000006c0000000,0x00000006c1436080,0x00000006ca380000)
 Metaspace       used 33413K, capacity 35448K, committed 35496K, reserved 1079296K
  class space    used 4679K, capacity 5097K, committed 5120K, reserved 1048576K
}
Event: 53.300 GC heap before
{Heap before GC invocations=7 (full 2):
 PSYoungGen      total 102912K, used 92160K [0x000000076ab00000, 0x0000000771d80000, 0x00000007c0000000)
  eden space 92160K, 100% used [0x000000076ab00000,0x0000000770500000,0x0000000770500000)
  from space 10752K, 0% used [0x0000000771300000,0x0000000771300000,0x0000000771d80000)
  to   space 10752K, 0% used [0x0000000770880000,0x0000000770880000,0x0000000771300000)
 ParOldGen       total 167424K, used 20696K [0x00000006c0000000, 0x00000006ca380000, 0x000000076ab00000)
  object space 167424K, 12% used [0x00000006c0000000,0x00000006c1436080,0x00000006ca380000)
 Metaspace       used 35306K, capacity 37418K, committed 37632K, reserved 1081344K
  class space    used 4918K, capacity 5354K, committed 5376K, reserved 1048576K
Event: 53.305 GC heap after
Heap after GC invocations=7 (full 2):
 PSYoungGen      total 106496K, used 2545K [0x000000076ab00000, 0x0000000774600000, 0x00000007c0000000)
  eden space 95744K, 0% used [0x000000076ab00000,0x000000076ab00000,0x0000000770880000)
  from space 10752K, 23% used [0x0000000770880000,0x0000000770afc6d8,0x0000000771300000)
  to   space 14336K, 0% used [0x0000000773800000,0x0000000773800000,0x0000000774600000)
 ParOldGen       total 167424K, used 20704K [0x00000006c0000000, 0x00000006ca380000, 0x000000076ab00000)
  object space 167424K, 12% used [0x00000006c0000000,0x00000006c1438080,0x00000006ca380000)
 Metaspace       used 35306K, capacity 37418K, committed 37632K, reserved 1081344K
  class space    used 4918K, capacity 5354K, committed 5376K, reserved 1048576K
}
Event: 102.754 GC heap before
{Heap before GC invocations=8 (full 2):
 PSYoungGen      total 106496K, used 98289K [0x000000076ab00000, 0x0000000774600000, 0x00000007c0000000)
  eden space 95744K, 100% used [0x000000076ab00000,0x0000000770880000,0x0000000770880000)
  from space 10752K, 23% used [0x0000000770880000,0x0000000770afc6d8,0x0000000771300000)
  to   space 14336K, 0% used [0x0000000773800000,0x0000000773800000,0x0000000774600000)
 ParOldGen       total 167424K, used 20704K [0x00000006c0000000, 0x00000006ca380000, 0x000000076ab00000)
  object space 167424K, 12% used [0x00000006c0000000,0x00000006c1438080,0x00000006ca380000)
 Metaspace       used 35652K, capacity 37850K, committed 37888K, reserved 1081344K
  class space    used 4935K, capacity 5360K, committed 5376K, reserved 1048576K
Event: 102.758 GC heap after
Heap after GC invocations=8 (full 2):
 PSYoungGen      total 143360K, used 1528K [0x000000076ab00000, 0x0000000774600000, 0x00000007c0000000)
  eden space 129024K, 0% used [0x000000076ab00000,0x000000076ab00000,0x0000000772900000)
  from space 14336K, 10% used [0x0000000773800000,0x000000077397e0c0,0x0000000774600000)
  to   space 14848K, 0% used [0x0000000772900000,0x0000000772900000,0x0000000773780000)
 ParOldGen       total 167424K, used 20712K [0x00000006c0000000, 0x00000006ca380000, 0x000000076ab00000)
  object space 167424K, 12% used [0x00000006c0000000,0x00000006c143a080,0x00000006ca380000)
 Metaspace       used 35652K, capacity 37850K, committed 37888K, reserved 1081344K
  class space    used 4935K, capacity 5360K, committed 5376K, reserved 1048576K
}
Event: 144.931 GC heap before
{Heap before GC invocations=9 (full 2):
 PSYoungGen      total 143360K, used 130552K [0x000000076ab00000, 0x0000000774600000, 0x00000007c0000000)
  eden space 129024K, 100% used [0x000000076ab00000,0x0000000772900000,0x0000000772900000)
  from space 14336K, 10% used [0x0000000773800000,0x000000077397e0c0,0x0000000774600000)
  to   space 14848K, 0% used [0x0000000772900000,0x0000000772900000,0x0000000773780000)
 ParOldGen       total 167424K, used 20712K [0x00000006c0000000, 0x00000006ca380000, 0x000000076ab00000)
  object space 167424K, 12% used [0x00000006c0000000,0x00000006c143a080,0x00000006ca380000)
 Metaspace       used 35826K, capacity 37992K, committed 38144K, reserved 1081344K
  class space    used 4936K, capacity 5361K, committed 5376K, reserved 1048576K
Event: 144.934 GC heap after
Heap after GC invocations=9 (full 2):
 PSYoungGen      total 128512K, used 1966K [0x000000076ab00000, 0x0000000774380000, 0x00000007c0000000)
  eden space 126464K, 0% used [0x000000076ab00000,0x000000076ab00000,0x0000000772680000)
  from space 2048K, 96% used [0x0000000772900000,0x0000000772aeba48,0x0000000772b00000)
  to   space 14848K, 0% used [0x0000000773500000,0x0000000773500000,0x0000000774380000)
 ParOldGen       total 167424K, used 20720K [0x00000006c0000000, 0x00000006ca380000, 0x000000076ab00000)
  object space 167424K, 12% used [0x00000006c0000000,0x00000006c143c080,0x00000006ca380000)
 Metaspace       used 35826K, capacity 37992K, committed 38144K, reserved 1081344K
  class space    used 4936K, capacity 5361K, committed 5376K, reserved 1048576K
}

