# JRE version: Java(TM) SE Runtime Environment (8.0_171-b11) (build 1.8.0_171-b11)
# Java VM: Java HotSpot(TM) 64-Bit Server VM (25.171-b11 mixed mode windows-amd64 compressed oops)
Heap:
 PSYoungGen      total 38400K, used 11978K [0x00000000d5600000, 0x00000000d8080000, 0x0000000100000000)
  eden space 33280K, 35% used [0x00000000d5600000,0x00000000d61b2af0,0x00000000d7680000)
  from space 5120K, 0% used [0x00000000d7680000,0x00000000d7680000,0x00000000d7b80000)
  to   space 5120K, 0% used [0x00000000d7b80000,0x00000000d7b80000,0x00000000d8080000)
 ParOldGen       total 64512K, used 8820K [0x0000000080200000, 0x0000000084100000, 0x00000000d5600000)
  object space 64512K, 13% used [0x0000000080200000,0x0000000080a9d000,0x0000000084100000)
 Metaspace       used 20979K, capacity 22530K, committed 22784K, reserved 1069056K
  class space    used 2981K, capacity 3296K, committed 3328K, reserved 1048576K
GC Heap History (8 events):
Event: 2.443 GC heap before
{Heap before GC invocations=1 (full 0):
 PSYoungGen      total 38400K, used 33280K [0x00000000d5600000, 0x00000000d8080000, 0x0000000100000000)
  eden space 33280K, 100% used [0x00000000d5600000,0x00000000d7680000,0x00000000d7680000)
  from space 5120K, 0% used [0x00000000d7b80000,0x00000000d7b80000,0x00000000d8080000)
  to   space 5120K, 0% used [0x00000000d7680000,0x00000000d7680000,0x00000000d7b80000)
 ParOldGen       total 87552K, used 0K [0x0000000080200000, 0x0000000085780000, 0x00000000d5600000)
  object space 87552K, 0% used [0x0000000080200000,0x0000000080200000,0x0000000085780000)
 Metaspace       used 11487K, capacity 11972K, committed 12160K, reserved 1060864K
  class space    used 1444K, capacity 1609K, committed 1664K, reserved 1048576K
Event: 2.457 GC heap after
Heap after GC invocations=1 (full 0):
 PSYoungGen      total 38400K, used 4342K [0x00000000d5600000, 0x00000000d8080000, 0x0000000100000000)
  eden space 33280K, 0% used [0x00000000d5600000,0x00000000d5600000,0x00000000d7680000)
  from space 5120K, 84% used [0x00000000d7680000,0x00000000d7abd910,0x00000000d7b80000)
  to   space 5120K, 0% used [0x00000000d7b80000,0x00000000d7b80000,0x00000000d8080000)
 ParOldGen       total 87552K, used 8K [0x0000000080200000, 0x0000000085780000, 0x00000000d5600000)
  object space 87552K, 0% used [0x0000000080200000,0x0000000080202000,0x0000000085780000)
 Metaspace       used 11487K, capacity 11972K, committed 12160K, reserved 1060864K
  class space    used 1444K, capacity 1609K, committed 1664K, reserved 1048576K
}
Event: 3.743 GC heap before
{Heap before GC invocations=2 (full 0):
 PSYoungGen      total 38400K, used 37622K [0x00000000d5600000, 0x00000000d8080000, 0x0000000100000000)
  eden space 33280K, 100% used [0x00000000d5600000,0x00000000d7680000,0x00000000d7680000)
  from space 5120K, 84% used [0x00000000d7680000,0x00000000d7abd910,0x00000000d7b80000)
  to   space 5120K, 0% used [0x00000000d7b80000,0x00000000d7b80000,0x00000000d8080000)
 ParOldGen       total 87552K, used 8K [0x0000000080200000, 0x0000000085780000, 0x00000000d5600000)
  object space 87552K, 0% used [0x0000000080200000,0x0000000080202000,0x0000000085780000)
 Metaspace       used 18079K, capacity 19208K, committed 19328K, reserved 1064960K
  class space    used 2643K, capacity 2895K, committed 2944K, reserved 1048576K
Event: 3.755 GC heap after
Heap after GC invocations=2 (full 0):
 PSYoungGen      total 38400K, used 5093K [0x00000000d5600000, 0x00000000d8080000, 0x0000000100000000)
  eden space 33280K, 0% used [0x00000000d5600000,0x00000000d5600000,0x00000000d7680000)
  from space 5120K, 99% used [0x00000000d7b80000,0x00000000d80794a0,0x00000000d8080000)
  to   space 5120K, 0% used [0x00000000d7680000,0x00000000d7680000,0x00000000d7b80000)
 ParOldGen       total 87552K, used 2370K [0x0000000080200000, 0x0000000085780000, 0x00000000d5600000)
  object space 87552K, 2% used [0x0000000080200000,0x0000000080450830,0x0000000085780000)
 Metaspace       used 18079K, capacity 19208K, committed 19328K, reserved 1064960K
  class space    used 2643K, capacity 2895K, committed 2944K, reserved 1048576K
}
Event: 4.642 GC heap before
{Heap before GC invocations=3 (full 0):
 PSYoungGen      total 38400K, used 16153K [0x00000000d5600000, 0x00000000d8080000, 0x0000000100000000)
  eden space 33280K, 33% used [0x00000000d5600000,0x00000000d60cd228,0x00000000d7680000)
  from space 5120K, 99% used [0x00000000d7b80000,0x00000000d80794a0,0x00000000d8080000)
  to   space 5120K, 0% used [0x00000000d7680000,0x00000000d7680000,0x00000000d7b80000)
 ParOldGen       total 87552K, used 2370K [0x0000000080200000, 0x0000000085780000, 0x00000000d5600000)
  object space 87552K, 2% used [0x0000000080200000,0x0000000080450830,0x0000000085780000)
 Metaspace       used 19922K, capacity 21292K, committed 21296K, reserved 1067008K
  class space    used 2917K, capacity 3199K, committed 3200K, reserved 1048576K
Event: 4.654 GC heap after
Heap after GC invocations=3 (full 0):
 PSYoungGen      total 38400K, used 5108K [0x00000000d5600000, 0x00000000d8080000, 0x0000000100000000)
  eden space 33280K, 0% used [0x00000000d5600000,0x00000000d5600000,0x00000000d7680000)
  from space 5120K, 99% used [0x00000000d7680000,0x00000000d7b7d330,0x00000000d7b80000)
  to   space 5120K, 0% used [0x00000000d7b80000,0x00000000d7b80000,0x00000000d8080000)
 ParOldGen       total 87552K, used 4081K [0x0000000080200000, 0x0000000085780000, 0x00000000d5600000)
  object space 87552K, 4% used [0x0000000080200000,0x00000000805fc480,0x0000000085780000)
 Metaspace       used 19922K, capacity 21292K, committed 21296K, reserved 1067008K
  class space    used 2917K, capacity 3199K, committed 3200K, reserved 1048576K
}
Event: 4.654 GC heap before
{Heap before GC invocations=4 (full 1):
 PSYoungGen      total 38400K, used 5108K [0x00000000d5600000, 0x00000000d8080000, 0x0000000100000000)
  eden space 33280K, 0% used [0x00000000d5600000,0x00000000d5600000,0x00000000d7680000)
  from space 5120K, 99% used [0x00000000d7680000,0x00000000d7b7d330,0x00000000d7b80000)
  to   space 5120K, 0% used [0x00000000d7b80000,0x00000000d7b80000,0x00000000d8080000)
 ParOldGen       total 87552K, used 4081K [0x0000000080200000, 0x0000000085780000, 0x00000000d5600000)
  object space 87552K, 4% used [0x0000000080200000,0x00000000805fc480,0x0000000085780000)
 Metaspace       used 19922K, capacity 21292K, committed 21296K, reserved 1067008K
  class space    used 2917K, capacity 3199K, committed 3200K, reserved 1048576K
Event: 4.712 GC heap after
Heap after GC invocations=4 (full 1):
 PSYoungGen      total 38400K, used 0K [0x00000000d5600000, 0x00000000d8080000, 0x0000000100000000)
  eden space 33280K, 0% used [0x00000000d5600000,0x00000000d5600000,0x00000000d7680000)
  from space 5120K, 0% used [0x00000000d7680000,0x00000000d7680000,0x00000000d7b80000)
  to   space 5120K, 0% used [0x00000000d7b80000,0x00000000d7b80000,0x00000000d8080000)
 ParOldGen       total 64512K, used 8820K [0x0000000080200000, 0x0000000084100000, 0x00000000d5600000)
  object space 64512K, 13% used [0x0000000080200000,0x0000000080a9d000,0x0000000084100000)
 Metaspace       used 19922K, capacity 21292K, committed 21296K, reserved 1067008K
  class space    used 2917K, capacity 3199K, committed 3200K, reserved 1048576K
}

