# JRE version: Java(TM) SE Runtime Environment (8.0_261-b12) (build 1.8.0_261-b12)
# Java VM: Java HotSpot(TM) 64-Bit Server VM (25.261-b12 mixed mode bsd-amd64 compressed oops)
Heap:
 PSYoungGen      total 76288K, used 9986K [0x000000076ab00000, 0x0000000773180000, 0x00000007c0000000)
  eden space 65536K, 0% used [0x000000076ab00000,0x000000076ab00000,0x000000076eb00000)
  from space 10752K, 92% used [0x000000076eb00000,0x000000076f4c0b10,0x000000076f580000)
  to   space 13824K, 0% used [0x0000000772400000,0x0000000772400000,0x0000000773180000)
 ParOldGen       total 112640K, used 12145K [0x00000006c0000000, 0x00000006c6e00000, 0x000000076ab00000)
  object space 112640K, 10% used [0x00000006c0000000,0x00000006c0bdc4a8,0x00000006c6e00000)
 Metaspace       used 33338K, capacity 35386K, committed 35416K, reserved 1079296K
  class space    used 4701K, capacity 5114K, committed 5120K, reserved 1048576K
GC Heap History (10 events):
Event: 2.248 GC heap after
Heap after GC invocations=2 (full 0):
 PSYoungGen      total 76288K, used 8773K [0x000000076ab00000, 0x0000000774000000, 0x00000007c0000000)
  eden space 65536K, 0% used [0x000000076ab00000,0x000000076ab00000,0x000000076eb00000)
  from space 10752K, 81% used [0x000000076f580000,0x000000076fe11438,0x0000000770000000)
  to   space 10752K, 0% used [0x000000076eb00000,0x000000076eb00000,0x000000076f580000)
 ParOldGen       total 175104K, used 96K [0x00000006c0000000, 0x00000006cab00000, 0x000000076ab00000)
  object space 175104K, 0% used [0x00000006c0000000,0x00000006c0018010,0x00000006cab00000)
 Metaspace       used 19802K, capacity 21116K, committed 21248K, reserved 1067008K
  class space    used 2928K, capacity 3207K, committed 3328K, reserved 1048576K
}
Event: 2.248 GC heap before
{Heap before GC invocations=3 (full 1):
 PSYoungGen      total 76288K, used 8773K [0x000000076ab00000, 0x0000000774000000, 0x00000007c0000000)
  eden space 65536K, 0% used [0x000000076ab00000,0x000000076ab00000,0x000000076eb00000)
  from space 10752K, 81% used [0x000000076f580000,0x000000076fe11438,0x0000000770000000)
  to   space 10752K, 0% used [0x000000076eb00000,0x000000076eb00000,0x000000076f580000)
 ParOldGen       total 175104K, used 96K [0x00000006c0000000, 0x00000006cab00000, 0x000000076ab00000)
  object space 175104K, 0% used [0x00000006c0000000,0x00000006c0018010,0x00000006cab00000)
 Metaspace       used 19802K, capacity 21116K, committed 21248K, reserved 1067008K
  class space    used 2928K, capacity 3207K, committed 3328K, reserved 1048576K
Event: 2.280 GC heap after
Heap after GC invocations=3 (full 1):
 PSYoungGen      total 76288K, used 0K [0x000000076ab00000, 0x0000000774000000, 0x00000007c0000000)
  eden space 65536K, 0% used [0x000000076ab00000,0x000000076ab00000,0x000000076eb00000)
  from space 10752K, 0% used [0x000000076f580000,0x000000076f580000,0x0000000770000000)
  to   space 10752K, 0% used [0x000000076eb00000,0x000000076eb00000,0x000000076f580000)
 ParOldGen       total 112640K, used 8666K [0x00000006c0000000, 0x00000006c6e00000, 0x000000076ab00000)
  object space 112640K, 7% used [0x00000006c0000000,0x00000006c0876ab8,0x00000006c6e00000)
 Metaspace       used 19802K, capacity 21116K, committed 21248K, reserved 1067008K
  class space    used 2928K, capacity 3207K, committed 3328K, reserved 1048576K
}
Event: 104.781 GC heap before
{Heap before GC invocations=4 (full 1):
 PSYoungGen      total 76288K, used 65536K [0x000000076ab00000, 0x0000000774000000, 0x00000007c0000000)
  eden space 65536K, 100% used [0x000000076ab00000,0x000000076eb00000,0x000000076eb00000)
  from space 10752K, 0% used [0x000000076f580000,0x000000076f580000,0x0000000770000000)
  to   space 10752K, 0% used [0x000000076eb00000,0x000000076eb00000,0x000000076f580000)
 ParOldGen       total 112640K, used 8666K [0x00000006c0000000, 0x00000006c6e00000, 0x000000076ab00000)
  object space 112640K, 7% used [0x00000006c0000000,0x00000006c0876ab8,0x00000006c6e00000)
 Metaspace       used 24588K, capacity 26240K, committed 26368K, reserved 1071104K
  class space    used 3461K, capacity 3809K, committed 3840K, reserved 1048576K
Event: 104.785 GC heap after
Heap after GC invocations=4 (full 1):
 PSYoungGen      total 76288K, used 7407K [0x000000076ab00000, 0x0000000770000000, 0x00000007c0000000)
  eden space 65536K, 0% used [0x000000076ab00000,0x000000076ab00000,0x000000076eb00000)
  from space 10752K, 68% used [0x000000076eb00000,0x000000076f23bc20,0x000000076f580000)
  to   space 10752K, 0% used [0x000000076f580000,0x000000076f580000,0x0000000770000000)
 ParOldGen       total 112640K, used 8674K [0x00000006c0000000, 0x00000006c6e00000, 0x000000076ab00000)
  object space 112640K, 7% used [0x00000006c0000000,0x00000006c0878ab8,0x00000006c6e00000)
 Metaspace       used 24588K, capacity 26240K, committed 26368K, reserved 1071104K
  class space    used 3461K, capacity 3809K, committed 3840K, reserved 1048576K
}
Event: 105.595 GC heap before
{Heap before GC invocations=5 (full 1):
 PSYoungGen      total 76288K, used 72943K [0x000000076ab00000, 0x0000000770000000, 0x00000007c0000000)
  eden space 65536K, 100% used [0x000000076ab00000,0x000000076eb00000,0x000000076eb00000)
  from space 10752K, 68% used [0x000000076eb00000,0x000000076f23bc20,0x000000076f580000)
  to   space 10752K, 0% used [0x000000076f580000,0x000000076f580000,0x0000000770000000)
 ParOldGen       total 112640K, used 8674K [0x00000006c0000000, 0x00000006c6e00000, 0x000000076ab00000)
  object space 112640K, 7% used [0x00000006c0000000,0x00000006c0878ab8,0x00000006c6e00000)
 Metaspace       used 32843K, capacity 34854K, committed 35072K, reserved 1079296K
  class space    used 4616K, capacity 5018K, committed 5120K, reserved 1048576K
Event: 105.602 GC heap after
Heap after GC invocations=5 (full 1):
 PSYoungGen      total 76288K, used 10725K [0x000000076ab00000, 0x0000000771600000, 0x00000007c0000000)
  eden space 65536K, 0% used [0x000000076ab00000,0x000000076ab00000,0x000000076eb00000)
  from space 10752K, 99% used [0x000000076f580000,0x000000076fff97c8,0x0000000770000000)
  to   space 10752K, 0% used [0x000000076eb00000,0x000000076eb00000,0x000000076f580000)
 ParOldGen       total 112640K, used 12137K [0x00000006c0000000, 0x00000006c6e00000, 0x000000076ab00000)
  object space 112640K, 10% used [0x00000006c0000000,0x00000006c0bda4a8,0x00000006c6e00000)
 Metaspace       used 32843K, capacity 34854K, committed 35072K, reserved 1079296K
  class space    used 4616K, capacity 5018K, committed 5120K, reserved 1048576K
}
Event: 105.648 GC heap before
{Heap before GC invocations=6 (full 1):
 PSYoungGen      total 76288K, used 16038K [0x000000076ab00000, 0x0000000771600000, 0x00000007c0000000)
  eden space 65536K, 8% used [0x000000076ab00000,0x000000076b030368,0x000000076eb00000)
  from space 10752K, 99% used [0x000000076f580000,0x000000076fff97c8,0x0000000770000000)
  to   space 10752K, 0% used [0x000000076eb00000,0x000000076eb00000,0x000000076f580000)
 ParOldGen       total 112640K, used 12137K [0x00000006c0000000, 0x00000006c6e00000, 0x000000076ab00000)
  object space 112640K, 10% used [0x00000006c0000000,0x00000006c0bda4a8,0x00000006c6e00000)
 Metaspace       used 33338K, capacity 35386K, committed 35416K, reserved 1079296K
  class space    used 4701K, capacity 5114K, committed 5120K, reserved 1048576K
Event: 105.654 GC heap after
Heap after GC invocations=6 (full 1):
 PSYoungGen      total 76288K, used 9986K [0x000000076ab00000, 0x0000000773180000, 0x00000007c0000000)
  eden space 65536K, 0% used [0x000000076ab00000,0x000000076ab00000,0x000000076eb00000)
  from space 10752K, 92% used [0x000000076eb00000,0x000000076f4c0b10,0x000000076f580000)
  to   space 13824K, 0% used [0x0000000772400000,0x0000000772400000,0x0000000773180000)
 ParOldGen       total 112640K, used 12145K [0x00000006c0000000, 0x00000006c6e00000, 0x000000076ab00000)
  object space 112640K, 10% used [0x00000006c0000000,0x00000006c0bdc4a8,0x00000006c6e00000)
 Metaspace       used 33338K, capacity 35386K, committed 35416K, reserved 1079296K
  class space    used 4701K, capacity 5114K, committed 5120K, reserved 1048576K
}
Event: 105.654 GC heap before
{Heap before GC invocations=7 (full 2):
 PSYoungGen      total 76288K, used 9986K [0x000000076ab00000, 0x0000000773180000, 0x00000007c0000000)
  eden space 65536K, 0% used [0x000000076ab00000,0x000000076ab00000,0x000000076eb00000)
  from space 10752K, 92% used [0x000000076eb00000,0x000000076f4c0b10,0x000000076f580000)
  to   space 13824K, 0% used [0x0000000772400000,0x0000000772400000,0x0000000773180000)
 ParOldGen       total 112640K, used 12145K [0x00000006c0000000, 0x00000006c6e00000, 0x000000076ab00000)
  object space 112640K, 10% used [0x00000006c0000000,0x00000006c0bdc4a8,0x00000006c6e00000)
 Metaspace       used 33338K, capacity 35386K, committed 35416K, reserved 1079296K
  class space    used 4701K, capacity 5114K, committed 5120K, reserved 1048576K

