# JRE version: Java(TM) SE Runtime Environment (8.0_261-b12) (build 1.8.0_261-b12)
# Java VM: Java HotSpot(TM) 64-Bit Server VM (25.261-b12 mixed mode bsd-amd64 compressed oops)
Heap:
 PSYoungGen      total 162304K, used 11097K [0x000000076ab00000, 0x0000000775b80000, 0x00000007c0000000)
  eden space 147456K, 2% used [0x000000076ab00000,0x000000076ae272f8,0x0000000773b00000)
  from space 14848K, 52% used [0x0000000774980000,0x000000077512f380,0x0000000775800000)
  to   space 14848K, 0% used [0x0000000773b00000,0x0000000773b00000,0x0000000774980000)
 ParOldGen       total 147968K, used 34283K [0x00000006c0000000, 0x00000006c9080000, 0x000000076ab00000)
  object space 147968K, 23% used [0x00000006c0000000,0x00000006c217ac38,0x00000006c9080000)
 Metaspace       used 41223K, capacity 43552K, committed 43648K, reserved 1087488K
  class space    used 5775K, capacity 6233K, committed 6272K, reserved 1048576K
GC Heap History (10 events):
Event: 11.795 GC heap before
{Heap before GC invocations=4 (full 1):
 PSYoungGen      total 76288K, used 65536K [0x000000076ab00000, 0x0000000770000000, 0x00000007c0000000)
  eden space 65536K, 100% used [0x000000076ab00000,0x000000076eb00000,0x000000076eb00000)
  from space 10752K, 0% used [0x000000076f580000,0x000000076f580000,0x0000000770000000)
  to   space 10752K, 0% used [0x000000076eb00000,0x000000076eb00000,0x000000076f580000)
 ParOldGen       total 115712K, used 8816K [0x00000006c0000000, 0x00000006c7100000, 0x000000076ab00000)
  object space 115712K, 7% used [0x00000006c0000000,0x00000006c089c0e8,0x00000006c7100000)
 Metaspace       used 25727K, capacity 27374K, committed 27520K, reserved 1073152K
  class space    used 3616K, capacity 3956K, committed 3968K, reserved 1048576K
Event: 11.799 GC heap after
Heap after GC invocations=4 (full 1):
 PSYoungGen      total 76288K, used 8041K [0x000000076ab00000, 0x0000000771300000, 0x00000007c0000000)
  eden space 65536K, 0% used [0x000000076ab00000,0x000000076ab00000,0x000000076eb00000)
  from space 10752K, 74% used [0x000000076eb00000,0x000000076f2da678,0x000000076f580000)
  to   space 10752K, 0% used [0x0000000770880000,0x0000000770880000,0x0000000771300000)
 ParOldGen       total 115712K, used 8824K [0x00000006c0000000, 0x00000006c7100000, 0x000000076ab00000)
  object space 115712K, 7% used [0x00000006c0000000,0x00000006c089e0e8,0x00000006c7100000)
 Metaspace       used 25727K, capacity 27374K, committed 27520K, reserved 1073152K
  class space    used 3616K, capacity 3956K, committed 3968K, reserved 1048576K
}
Event: 12.690 GC heap before
{Heap before GC invocations=5 (full 1):
 PSYoungGen      total 76288K, used 73577K [0x000000076ab00000, 0x0000000771300000, 0x00000007c0000000)
  eden space 65536K, 100% used [0x000000076ab00000,0x000000076eb00000,0x000000076eb00000)
  from space 10752K, 74% used [0x000000076eb00000,0x000000076f2da678,0x000000076f580000)
  to   space 10752K, 0% used [0x0000000770880000,0x0000000770880000,0x0000000771300000)
 ParOldGen       total 115712K, used 8824K [0x00000006c0000000, 0x00000006c7100000, 0x000000076ab00000)
  object space 115712K, 7% used [0x00000006c0000000,0x00000006c089e0e8,0x00000006c7100000)
 Metaspace       used 32758K, capacity 34500K, committed 34688K, reserved 1079296K
  class space    used 4556K, capacity 4899K, committed 4992K, reserved 1048576K
Event: 12.702 GC heap after
Heap after GC invocations=5 (full 1):
 PSYoungGen      total 95744K, used 10732K [0x000000076ab00000, 0x0000000771600000, 0x00000007c0000000)
  eden space 84992K, 0% used [0x000000076ab00000,0x000000076ab00000,0x000000076fe00000)
  from space 10752K, 99% used [0x0000000770880000,0x00000007712fb2a8,0x0000000771300000)
  to   space 10752K, 0% used [0x000000076fe00000,0x000000076fe00000,0x0000000770880000)
 ParOldGen       total 115712K, used 13343K [0x00000006c0000000, 0x00000006c7100000, 0x000000076ab00000)
  object space 115712K, 11% used [0x00000006c0000000,0x00000006c0d07dc0,0x00000006c7100000)
 Metaspace       used 32758K, capacity 34500K, committed 34688K, reserved 1079296K
  class space    used 4556K, capacity 4899K, committed 4992K, reserved 1048576K
}
Event: 12.740 GC heap before
{Heap before GC invocations=6 (full 1):
 PSYoungGen      total 95744K, used 15275K [0x000000076ab00000, 0x0000000771600000, 0x00000007c0000000)
  eden space 84992K, 5% used [0x000000076ab00000,0x000000076af6fcb0,0x000000076fe00000)
  from space 10752K, 99% used [0x0000000770880000,0x00000007712fb2a8,0x0000000771300000)
  to   space 10752K, 0% used [0x000000076fe00000,0x000000076fe00000,0x0000000770880000)
 ParOldGen       total 115712K, used 13343K [0x00000006c0000000, 0x00000006c7100000, 0x000000076ab00000)
  object space 115712K, 11% used [0x00000006c0000000,0x00000006c0d07dc0,0x00000006c7100000)
 Metaspace       used 33629K, capacity 35332K, committed 35496K, reserved 1079296K
  class space    used 4657K, capacity 5027K, committed 5120K, reserved 1048576K
Event: 12.747 GC heap after
Heap after GC invocations=6 (full 1):
 PSYoungGen      total 95744K, used 10729K [0x000000076ab00000, 0x0000000775800000, 0x00000007c0000000)
  eden space 84992K, 0% used [0x000000076ab00000,0x000000076ab00000,0x000000076fe00000)
  from space 10752K, 99% used [0x000000076fe00000,0x000000077087a7c8,0x0000000770880000)
  to   space 14848K, 0% used [0x0000000774980000,0x0000000774980000,0x0000000775800000)
 ParOldGen       total 115712K, used 13536K [0x00000006c0000000, 0x00000006c7100000, 0x000000076ab00000)
  object space 115712K, 11% used [0x00000006c0000000,0x00000006c0d383d8,0x00000006c7100000)
 Metaspace       used 33629K, capacity 35332K, committed 35496K, reserved 1079296K
  class space    used 4657K, capacity 5027K, committed 5120K, reserved 1048576K
}
Event: 12.747 GC heap before
{Heap before GC invocations=7 (full 2):
 PSYoungGen      total 95744K, used 10729K [0x000000076ab00000, 0x0000000775800000, 0x00000007c0000000)
  eden space 84992K, 0% used [0x000000076ab00000,0x000000076ab00000,0x000000076fe00000)
  from space 10752K, 99% used [0x000000076fe00000,0x000000077087a7c8,0x0000000770880000)
  to   space 14848K, 0% used [0x0000000774980000,0x0000000774980000,0x0000000775800000)
 ParOldGen       total 115712K, used 13536K [0x00000006c0000000, 0x00000006c7100000, 0x000000076ab00000)
  object space 115712K, 11% used [0x00000006c0000000,0x00000006c0d383d8,0x00000006c7100000)
 Metaspace       used 33629K, capacity 35332K, committed 35496K, reserved 1079296K
  class space    used 4657K, capacity 5027K, committed 5120K, reserved 1048576K
Event: 12.783 GC heap after
Heap after GC invocations=7 (full 2):
 PSYoungGen      total 95744K, used 0K [0x000000076ab00000, 0x0000000775800000, 0x00000007c0000000)
  eden space 84992K, 0% used [0x000000076ab00000,0x000000076ab00000,0x000000076fe00000)
  from space 10752K, 0% used [0x000000076fe00000,0x000000076fe00000,0x0000000770880000)
  to   space 14848K, 0% used [0x0000000774980000,0x0000000774980000,0x0000000775800000)
 ParOldGen       total 147968K, used 17891K [0x00000006c0000000, 0x00000006c9080000, 0x000000076ab00000)
  object space 147968K, 12% used [0x00000006c0000000,0x00000006c1178c28,0x00000006c9080000)
 Metaspace       used 33629K, capacity 35332K, committed 35496K, reserved 1079296K
  class space    used 4657K, capacity 5027K, committed 5120K, reserved 1048576K
}
Event: 20.673 GC heap before
{Heap before GC invocations=8 (full 2):
 PSYoungGen      total 95744K, used 84990K [0x000000076ab00000, 0x0000000775800000, 0x00000007c0000000)
  eden space 84992K, 99% used [0x000000076ab00000,0x000000076fdffa90,0x000000076fe00000)
  from space 10752K, 0% used [0x000000076fe00000,0x000000076fe00000,0x0000000770880000)
  to   space 14848K, 0% used [0x0000000774980000,0x0000000774980000,0x0000000775800000)
 ParOldGen       total 147968K, used 17891K [0x00000006c0000000, 0x00000006c9080000, 0x000000076ab00000)
  object space 147968K, 12% used [0x00000006c0000000,0x00000006c1178c28,0x00000006c9080000)
 Metaspace       used 41223K, capacity 43552K, committed 43648K, reserved 1087488K
  class space    used 5775K, capacity 6233K, committed 6272K, reserved 1048576K
Event: 20.691 GC heap after
Heap after GC invocations=8 (full 2):
 PSYoungGen      total 162304K, used 7868K [0x000000076ab00000, 0x0000000775b80000, 0x00000007c0000000)
  eden space 147456K, 0% used [0x000000076ab00000,0x000000076ab00000,0x0000000773b00000)
  from space 14848K, 52% used [0x0000000774980000,0x000000077512f380,0x0000000775800000)
  to   space 14848K, 0% used [0x0000000773b00000,0x0000000773b00000,0x0000000774980000)
 ParOldGen       total 147968K, used 34283K [0x00000006c0000000, 0x00000006c9080000, 0x000000076ab00000)
  object space 147968K, 23% used [0x00000006c0000000,0x00000006c217ac38,0x00000006c9080000)
 Metaspace       used 41223K, capacity 43552K, committed 43648K, reserved 1087488K
  class space    used 5775K, capacity 6233K, committed 6272K, reserved 1048576K
}

