# JRE version: Java(TM) SE Runtime Environment (8.0_261-b12) (build 1.8.0_261-b12)
# Java VM: Java HotSpot(TM) 64-Bit Server VM (25.261-b12 mixed mode bsd-amd64 compressed oops)
Heap:
 PSYoungGen      total 115712K, used 90527K [0x000000076ab00000, 0x0000000774480000, 0x00000007c0000000)
  eden space 113152K, 78% used [0x000000076ab00000,0x00000007701489f8,0x0000000771980000)
  from space 2560K, 84% used [0x0000000774200000,0x000000077441f300,0x0000000774480000)
  to   space 14336K, 0% used [0x0000000772880000,0x0000000772880000,0x0000000773680000)
 ParOldGen       total 178688K, used 23727K [0x00000006c0000000, 0x00000006cae80000, 0x000000076ab00000)
  object space 178688K, 13% used [0x00000006c0000000,0x00000006c172be10,0x00000006cae80000)
 Metaspace       used 36320K, capacity 38545K, committed 38656K, reserved 1083392K
  class space    used 4940K, capacity 5360K, committed 5376K, reserved 1048576K
GC Heap History (10 events):
Event: 89.796 GC heap before
{Heap before GC invocations=8 (full 2):
 PSYoungGen      total 100352K, used 91839K [0x000000076ab00000, 0x0000000774300000, 0x00000007c0000000)
  eden space 89600K, 100% used [0x000000076ab00000,0x0000000770280000,0x0000000770280000)
  from space 10752K, 20% used [0x0000000770280000,0x00000007704afdd0,0x0000000770d00000)
  to   space 14848K, 0% used [0x0000000773480000,0x0000000773480000,0x0000000774300000)
 ParOldGen       total 178688K, used 21345K [0x00000006c0000000, 0x00000006cae80000, 0x000000076ab00000)
  object space 178688K, 11% used [0x00000006c0000000,0x00000006c14d8480,0x00000006cae80000)
 Metaspace       used 35641K, capacity 37763K, committed 37888K, reserved 1081344K
  class space    used 4926K, capacity 5349K, committed 5376K, reserved 1048576K
Event: 89.799 GC heap after
Heap after GC invocations=8 (full 2):
 PSYoungGen      total 129536K, used 1513K [0x000000076ab00000, 0x0000000773e00000, 0x00000007c0000000)
  eden space 119808K, 0% used [0x000000076ab00000,0x000000076ab00000,0x0000000772000000)
  from space 9728K, 15% used [0x0000000773480000,0x00000007735fa798,0x0000000773e00000)
  to   space 15360K, 0% used [0x0000000772000000,0x0000000772000000,0x0000000772f00000)
 ParOldGen       total 178688K, used 21353K [0x00000006c0000000, 0x00000006cae80000, 0x000000076ab00000)
  object space 178688K, 11% used [0x00000006c0000000,0x00000006c14da480,0x00000006cae80000)
 Metaspace       used 35641K, capacity 37763K, committed 37888K, reserved 1081344K
  class space    used 4926K, capacity 5349K, committed 5376K, reserved 1048576K
}
Event: 133.009 GC heap before
{Heap before GC invocations=9 (full 2):
 PSYoungGen      total 129536K, used 121321K [0x000000076ab00000, 0x0000000773e00000, 0x00000007c0000000)
  eden space 119808K, 100% used [0x000000076ab00000,0x0000000772000000,0x0000000772000000)
  from space 9728K, 15% used [0x0000000773480000,0x00000007735fa798,0x0000000773e00000)
  to   space 15360K, 0% used [0x0000000772000000,0x0000000772000000,0x0000000772f00000)
 ParOldGen       total 178688K, used 21353K [0x00000006c0000000, 0x00000006cae80000, 0x000000076ab00000)
  object space 178688K, 11% used [0x00000006c0000000,0x00000006c14da480,0x00000006cae80000)
 Metaspace       used 35777K, capacity 37903K, committed 38144K, reserved 1081344K
  class space    used 4926K, capacity 5349K, committed 5376K, reserved 1048576K
Event: 133.012 GC heap after
Heap after GC invocations=9 (full 2):
 PSYoungGen      total 135168K, used 1774K [0x000000076ab00000, 0x0000000775e80000, 0x00000007c0000000)
  eden space 119808K, 0% used [0x000000076ab00000,0x000000076ab00000,0x0000000772000000)
  from space 15360K, 11% used [0x0000000772000000,0x00000007721bb8a0,0x0000000772f00000)
  to   space 15360K, 0% used [0x0000000774f80000,0x0000000774f80000,0x0000000775e80000)
 ParOldGen       total 178688K, used 21361K [0x00000006c0000000, 0x00000006cae80000, 0x000000076ab00000)
  object space 178688K, 11% used [0x00000006c0000000,0x00000006c14dc480,0x00000006cae80000)
 Metaspace       used 35777K, capacity 37903K, committed 38144K, reserved 1081344K
  class space    used 4926K, capacity 5349K, committed 5376K, reserved 1048576K
}
Event: 192.276 GC heap before
{Heap before GC invocations=10 (full 2):
 PSYoungGen      total 135168K, used 121582K [0x000000076ab00000, 0x0000000775e80000, 0x00000007c0000000)
  eden space 119808K, 100% used [0x000000076ab00000,0x0000000772000000,0x0000000772000000)
  from space 15360K, 11% used [0x0000000772000000,0x00000007721bb8a0,0x0000000772f00000)
  to   space 15360K, 0% used [0x0000000774f80000,0x0000000774f80000,0x0000000775e80000)
 ParOldGen       total 178688K, used 22953K [0x00000006c0000000, 0x00000006cae80000, 0x000000076ab00000)
  object space 178688K, 12% used [0x00000006c0000000,0x00000006c166a750,0x00000006cae80000)
 Metaspace       used 36115K, capacity 38329K, committed 38400K, reserved 1083392K
  class space    used 4939K, capacity 5360K, committed 5376K, reserved 1048576K
Event: 192.280 GC heap after
Heap after GC invocations=10 (full 2):
 PSYoungGen      total 119808K, used 2074K [0x000000076ab00000, 0x0000000775200000, 0x00000007c0000000)
  eden space 117248K, 0% used [0x000000076ab00000,0x000000076ab00000,0x0000000771d80000)
  from space 2560K, 81% used [0x0000000774f80000,0x0000000775186870,0x0000000775200000)
  to   space 14848K, 0% used [0x0000000773500000,0x0000000773500000,0x0000000774380000)
 ParOldGen       total 178688K, used 22961K [0x00000006c0000000, 0x00000006cae80000, 0x000000076ab00000)
  object space 178688K, 12% used [0x00000006c0000000,0x00000006c166c750,0x00000006cae80000)
 Metaspace       used 36115K, capacity 38329K, committed 38400K, reserved 1083392K
  class space    used 4939K, capacity 5360K, committed 5376K, reserved 1048576K
}
Event: 252.728 GC heap before
{Heap before GC invocations=11 (full 2):
 PSYoungGen      total 119808K, used 119322K [0x000000076ab00000, 0x0000000775200000, 0x00000007c0000000)
  eden space 117248K, 100% used [0x000000076ab00000,0x0000000771d80000,0x0000000771d80000)
  from space 2560K, 81% used [0x0000000774f80000,0x0000000775186870,0x0000000775200000)
  to   space 14848K, 0% used [0x0000000773500000,0x0000000773500000,0x0000000774380000)
 ParOldGen       total 178688K, used 23711K [0x00000006c0000000, 0x00000006cae80000, 0x000000076ab00000)
  object space 178688K, 13% used [0x00000006c0000000,0x00000006c1727e10,0x00000006cae80000)
 Metaspace       used 36188K, capacity 38333K, committed 38400K, reserved 1083392K
  class space    used 4940K, capacity 5360K, committed 5376K, reserved 1048576K
Event: 252.731 GC heap after
Heap after GC invocations=11 (full 2):
 PSYoungGen      total 117760K, used 2143K [0x000000076ab00000, 0x0000000775000000, 0x00000007c0000000)
  eden space 115200K, 0% used [0x000000076ab00000,0x000000076ab00000,0x0000000771b80000)
  from space 2560K, 83% used [0x0000000773500000,0x0000000773717f88,0x0000000773780000)
  to   space 14336K, 0% used [0x0000000774200000,0x0000000774200000,0x0000000775000000)
 ParOldGen       total 178688K, used 23719K [0x00000006c0000000, 0x00000006cae80000, 0x000000076ab00000)
  object space 178688K, 13% used [0x00000006c0000000,0x00000006c1729e10,0x00000006cae80000)
 Metaspace       used 36188K, capacity 38333K, committed 38400K, reserved 1083392K
  class space    used 4940K, capacity 5360K, committed 5376K, reserved 1048576K
}
Event: 293.711 GC heap before
{Heap before GC invocations=12 (full 2):
 PSYoungGen      total 117760K, used 117343K [0x000000076ab00000, 0x0000000775000000, 0x00000007c0000000)
  eden space 115200K, 100% used [0x000000076ab00000,0x0000000771b80000,0x0000000771b80000)
  from space 2560K, 83% used [0x0000000773500000,0x0000000773717f88,0x0000000773780000)
  to   space 14336K, 0% used [0x0000000774200000,0x0000000774200000,0x0000000775000000)
 ParOldGen       total 178688K, used 23719K [0x00000006c0000000, 0x00000006cae80000, 0x000000076ab00000)
  object space 178688K, 13% used [0x00000006c0000000,0x00000006c1729e10,0x00000006cae80000)
 Metaspace       used 36223K, capacity 38401K, committed 38656K, reserved 1083392K
  class space    used 4940K, capacity 5360K, committed 5376K, reserved 1048576K
Event: 293.716 GC heap after
Heap after GC invocations=12 (full 2):
 PSYoungGen      total 115712K, used 2172K [0x000000076ab00000, 0x0000000774480000, 0x00000007c0000000)
  eden space 113152K, 0% used [0x000000076ab00000,0x000000076ab00000,0x0000000771980000)
  from space 2560K, 84% used [0x0000000774200000,0x000000077441f300,0x0000000774480000)
  to   space 14336K, 0% used [0x0000000772880000,0x0000000772880000,0x0000000773680000)
 ParOldGen       total 178688K, used 23727K [0x00000006c0000000, 0x00000006cae80000, 0x000000076ab00000)
  object space 178688K, 13% used [0x00000006c0000000,0x00000006c172be10,0x00000006cae80000)
 Metaspace       used 36223K, capacity 38401K, committed 38656K, reserved 1083392K
  class space    used 4940K, capacity 5360K, committed 5376K, reserved 1048576K
}

