# JRE version: Java(TM) SE Runtime Environment (8.0_261-b12) (build 1.8.0_261-b12)
# Java VM: Java HotSpot(TM) 64-Bit Server VM (25.261-b12 mixed mode bsd-amd64 compressed oops)
Heap:
 PSYoungGen      total 250880K, used 102435K [0x000000076ab00000, 0x000000077b700000, 0x00000007c0000000)
  eden space 245248K, 39% used [0x000000076ab00000,0x00000007709ed2a8,0x0000000779a80000)
  from space 5632K, 92% used [0x000000077b180000,0x000000077b69ba90,0x000000077b700000)
  to   space 14336K, 0% used [0x0000000779b00000,0x0000000779b00000,0x000000077a900000)
 ParOldGen       total 149504K, used 34321K [0x00000006c0000000, 0x00000006c9200000, 0x000000076ab00000)
  object space 149504K, 22% used [0x00000006c0000000,0x00000006c2184500,0x00000006c9200000)
 Metaspace       used 43331K, capacity 45822K, committed 45824K, reserved 1089536K
  class space    used 5891K, capacity 6398K, committed 6400K, reserved 1048576K
GC Heap History (10 events):
Event: 18.982 GC heap before
{Heap before GC invocations=6 (full 1):
 PSYoungGen      total 94208K, used 15386K [0x000000076ab00000, 0x0000000771580000, 0x00000007c0000000)
  eden space 83456K, 5% used [0x000000076ab00000,0x000000076af8a560,0x000000076fc80000)
  from space 10752K, 99% used [0x0000000770700000,0x000000077117c378,0x0000000771180000)
  to   space 10752K, 0% used [0x000000076fc80000,0x000000076fc80000,0x0000000770700000)
 ParOldGen       total 118272K, used 11206K [0x00000006c0000000, 0x00000006c7380000, 0x000000076ab00000)
  object space 118272K, 9% used [0x00000006c0000000,0x00000006c0af1aa8,0x00000006c7380000)
 Metaspace       used 33639K, capacity 35330K, committed 35496K, reserved 1079296K
  class space    used 4674K, capacity 5028K, committed 5120K, reserved 1048576K
Event: 18.998 GC heap after
Heap after GC invocations=6 (full 1):
 PSYoungGen      total 94208K, used 10732K [0x000000076ab00000, 0x0000000775780000, 0x00000007c0000000)
  eden space 83456K, 0% used [0x000000076ab00000,0x000000076ab00000,0x000000076fc80000)
  from space 10752K, 99% used [0x000000076fc80000,0x00000007706fb298,0x0000000770700000)
  to   space 14336K, 0% used [0x0000000774980000,0x0000000774980000,0x0000000775780000)
 ParOldGen       total 118272K, used 11897K [0x00000006c0000000, 0x00000006c7380000, 0x000000076ab00000)
  object space 118272K, 10% used [0x00000006c0000000,0x00000006c0b9e4c0,0x00000006c7380000)
 Metaspace       used 33639K, capacity 35330K, committed 35496K, reserved 1079296K
  class space    used 4674K, capacity 5028K, committed 5120K, reserved 1048576K
}
Event: 18.998 GC heap before
{Heap before GC invocations=7 (full 2):
 PSYoungGen      total 94208K, used 10732K [0x000000076ab00000, 0x0000000775780000, 0x00000007c0000000)
  eden space 83456K, 0% used [0x000000076ab00000,0x000000076ab00000,0x000000076fc80000)
  from space 10752K, 99% used [0x000000076fc80000,0x00000007706fb298,0x0000000770700000)
  to   space 14336K, 0% used [0x0000000774980000,0x0000000774980000,0x0000000775780000)
 ParOldGen       total 118272K, used 11897K [0x00000006c0000000, 0x00000006c7380000, 0x000000076ab00000)
  object space 118272K, 10% used [0x00000006c0000000,0x00000006c0b9e4c0,0x00000006c7380000)
 Metaspace       used 33639K, capacity 35330K, committed 35496K, reserved 1079296K
  class space    used 4674K, capacity 5028K, committed 5120K, reserved 1048576K
Event: 19.093 GC heap after
Heap after GC invocations=7 (full 2):
 PSYoungGen      total 94208K, used 0K [0x000000076ab00000, 0x0000000775780000, 0x00000007c0000000)
  eden space 83456K, 0% used [0x000000076ab00000,0x000000076ab00000,0x000000076fc80000)
  from space 10752K, 0% used [0x000000076fc80000,0x000000076fc80000,0x0000000770700000)
  to   space 14336K, 0% used [0x0000000774980000,0x0000000774980000,0x0000000775780000)
 ParOldGen       total 149504K, used 17905K [0x00000006c0000000, 0x00000006c9200000, 0x000000076ab00000)
  object space 149504K, 11% used [0x00000006c0000000,0x00000006c117c4f0,0x00000006c9200000)
 Metaspace       used 33639K, capacity 35330K, committed 35496K, reserved 1079296K
  class space    used 4674K, capacity 5028K, committed 5120K, reserved 1048576K
}
Event: 30.928 GC heap before
{Heap before GC invocations=8 (full 2):
 PSYoungGen      total 94208K, used 83456K [0x000000076ab00000, 0x0000000775780000, 0x00000007c0000000)
  eden space 83456K, 100% used [0x000000076ab00000,0x000000076fc80000,0x000000076fc80000)
  from space 10752K, 0% used [0x000000076fc80000,0x000000076fc80000,0x0000000770700000)
  to   space 14336K, 0% used [0x0000000774980000,0x0000000774980000,0x0000000775780000)
 ParOldGen       total 149504K, used 17905K [0x00000006c0000000, 0x00000006c9200000, 0x000000076ab00000)
  object space 149504K, 11% used [0x00000006c0000000,0x00000006c117c4f0,0x00000006c9200000)
 Metaspace       used 41065K, capacity 43458K, committed 43648K, reserved 1087488K
  class space    used 5768K, capacity 6224K, committed 6272K, reserved 1048576K
Event: 30.979 GC heap after
Heap after GC invocations=8 (full 2):
 PSYoungGen      total 161280K, used 8012K [0x000000076ab00000, 0x0000000775680000, 0x00000007c0000000)
  eden space 147968K, 0% used [0x000000076ab00000,0x000000076ab00000,0x0000000773b80000)
  from space 13312K, 60% used [0x0000000774980000,0x0000000775153018,0x0000000775680000)
  to   space 13824K, 0% used [0x0000000773b80000,0x0000000773b80000,0x0000000774900000)
 ParOldGen       total 149504K, used 34297K [0x00000006c0000000, 0x00000006c9200000, 0x000000076ab00000)
  object space 149504K, 22% used [0x00000006c0000000,0x00000006c217e500,0x00000006c9200000)
 Metaspace       used 41065K, capacity 43458K, committed 43648K, reserved 1087488K
  class space    used 5768K, capacity 6224K, committed 6272K, reserved 1048576K
}
Event: 197.766 GC heap before
{Heap before GC invocations=9 (full 2):
 PSYoungGen      total 161280K, used 155980K [0x000000076ab00000, 0x0000000775680000, 0x00000007c0000000)
  eden space 147968K, 100% used [0x000000076ab00000,0x0000000773b80000,0x0000000773b80000)
  from space 13312K, 60% used [0x0000000774980000,0x0000000775153018,0x0000000775680000)
  to   space 13824K, 0% used [0x0000000773b80000,0x0000000773b80000,0x0000000774900000)
 ParOldGen       total 149504K, used 34297K [0x00000006c0000000, 0x00000006c9200000, 0x000000076ab00000)
  object space 149504K, 22% used [0x00000006c0000000,0x00000006c217e500,0x00000006c9200000)
 Metaspace       used 42260K, capacity 44768K, committed 45056K, reserved 1087488K
  class space    used 5821K, capacity 6331K, committed 6400K, reserved 1048576K
Event: 197.797 GC heap after
Heap after GC invocations=9 (full 2):
 PSYoungGen      total 161792K, used 4984K [0x000000076ab00000, 0x000000077bf80000, 0x00000007c0000000)
  eden space 147968K, 0% used [0x000000076ab00000,0x000000076ab00000,0x0000000773b80000)
  from space 13824K, 36% used [0x0000000773b80000,0x000000077405e3a0,0x0000000774900000)
  to   space 14336K, 0% used [0x000000077b180000,0x000000077b180000,0x000000077bf80000)
 ParOldGen       total 149504K, used 34305K [0x00000006c0000000, 0x00000006c9200000, 0x000000076ab00000)
  object space 149504K, 22% used [0x00000006c0000000,0x00000006c2180500,0x00000006c9200000)
 Metaspace       used 42260K, capacity 44768K, committed 45056K, reserved 1087488K
  class space    used 5821K, capacity 6331K, committed 6400K, reserved 1048576K
}
Event: 336.372 GC heap before
{Heap before GC invocations=10 (full 2):
 PSYoungGen      total 161792K, used 152952K [0x000000076ab00000, 0x000000077bf80000, 0x00000007c0000000)
  eden space 147968K, 100% used [0x000000076ab00000,0x0000000773b80000,0x0000000773b80000)
  from space 13824K, 36% used [0x0000000773b80000,0x000000077405e3a0,0x0000000774900000)
  to   space 14336K, 0% used [0x000000077b180000,0x000000077b180000,0x000000077bf80000)
 ParOldGen       total 149504K, used 34305K [0x00000006c0000000, 0x00000006c9200000, 0x000000076ab00000)
  object space 149504K, 22% used [0x00000006c0000000,0x00000006c2180500,0x00000006c9200000)
 Metaspace       used 42695K, capacity 45174K, committed 45312K, reserved 1087488K
  class space    used 5823K, capacity 6334K, committed 6400K, reserved 1048576K
Event: 336.395 GC heap after
Heap after GC invocations=10 (full 2):
 PSYoungGen      total 250880K, used 5230K [0x000000076ab00000, 0x000000077b700000, 0x00000007c0000000)
  eden space 245248K, 0% used [0x000000076ab00000,0x000000076ab00000,0x0000000779a80000)
  from space 5632K, 92% used [0x000000077b180000,0x000000077b69ba90,0x000000077b700000)
  to   space 14336K, 0% used [0x0000000779b00000,0x0000000779b00000,0x000000077a900000)
 ParOldGen       total 149504K, used 34321K [0x00000006c0000000, 0x00000006c9200000, 0x000000076ab00000)
  object space 149504K, 22% used [0x00000006c0000000,0x00000006c2184500,0x00000006c9200000)
 Metaspace       used 42695K, capacity 45174K, committed 45312K, reserved 1087488K
  class space    used 5823K, capacity 6334K, committed 6400K, reserved 1048576K
}

